<?xml version="1.0" encoding="UTF-8"?>
<testsuite name="com.example.payshield.consumer.PaymentProcessorTest" tests="2" skipped="0" failures="0" errors="0" timestamp="2025-05-09T07:29:33.718Z" hostname="MacBookAir" time="0.688">
  <properties/>
  <testcase name="underThresholdProducesNoFraud()" classname="com.example.payshield.consumer.PaymentProcessorTest" time="0.684"/>
  <testcase name="overThresholdProducesFraud()" classname="com.example.payshield.consumer.PaymentProcessorTest" time="0.003"/>
  <system-out><![CDATA[]]></system-out>
  <system-err><![CDATA[]]></system-err>
</testsuite>
